<?xml version="1.0" encoding="UTF-8"?>
<testng-results skipped="0" failed="0" ignored="0" total="1" passed="1">
  <reporter-output>
  </reporter-output>
  <suite name="Default suite" duration-ms="18909" started-at="2022-08-27T13:26:46 CDT" finished-at="2022-08-27T13:27:05 CDT">
    <groups>
    </groups>
    <test name="Default test" duration-ms="18909" started-at="2022-08-27T13:26:46 CDT" finished-at="2022-08-27T13:27:05 CDT">
      <class name="test.Test_1">
        <test-method status="PASS" signature="landOnPage()[pri:0, instance:test.Test_1@3b088d51]" name="landOnPage" duration-ms="18859" started-at="2022-08-27T13:26:46 CDT" finished-at="2022-08-27T13:27:05 CDT">
          <reporter-output>
          </reporter-output>
        </test-method> <!-- landOnPage -->
      </class> <!-- test.Test_1 -->
    </test> <!-- Default test -->
  </suite> <!-- Default suite -->
</testng-results>
